{"/home/nichollasemanuel/desenvolvimento/desenvolvimento_pessoal/sites/justica-online-landing/src/App.tsx": {"path":"/home/nichollasemanuel/desenvolvimento/desenvolvimento_pessoal/sites/justica-online-landing/src/App.tsx","statementMap":{"0":{"start":{"line":9,"column":20},"end":{"line":9,"column":null}},"1":{"start":{"line":11,"column":12},"end":{"line":20,"column":null}}},"fnMap":{"0":{"name":"(anonymous_0)","decl":{"start":{"line":11,"column":12},"end":{"line":11,"column":null}},"loc":{"start":{"line":11,"column":12},"end":{"line":20,"column":null}},"line":11}},"branchMap":{},"s":{"0":1,"1":2},"f":{"0":2},"b":{},"meta":{"lastBranch":0,"lastFunction":1,"lastStatement":2,"seen":{"s:9:20:9:Infinity":0,"s:11:12:20:Infinity":1,"f:11:12:11:Infinity":0}}}
,"/home/nichollasemanuel/desenvolvimento/desenvolvimento_pessoal/sites/justica-online-landing/src/components/AboutSection.tsx": {"path":"/home/nichollasemanuel/desenvolvimento/desenvolvimento_pessoal/sites/justica-online-landing/src/components/AboutSection.tsx","statementMap":{"0":{"start":{"line":5,"column":28},"end":{"line":111,"column":null}},"1":{"start":{"line":6,"column":16},"end":{"line":31,"column":null}},"2":{"start":{"line":33,"column":2},"end":{"line":89,"column":32}},"3":{"start":{"line":88,"column":30},"end":{"line":89,"column":32}}},"fnMap":{"0":{"name":"(anonymous_0)","decl":{"start":{"line":5,"column":28},"end":{"line":5,"column":null}},"loc":{"start":{"line":5,"column":28},"end":{"line":111,"column":null}},"line":5},"1":{"name":"(anonymous_1)","decl":{"start":{"line":88,"column":23},"end":{"line":88,"column":24}},"loc":{"start":{"line":88,"column":30},"end":{"line":89,"column":32}},"line":88}},"branchMap":{},"s":{"0":1,"1":2,"2":2,"3":8},"f":{"0":2,"1":8},"b":{},"meta":{"lastBranch":0,"lastFunction":2,"lastStatement":4,"seen":{"s:5:28:111:Infinity":0,"f:5:28:5:Infinity":0,"s:6:16:31:Infinity":1,"s:33:2:89:32":2,"f:88:23:88:24":1,"s:88:30:89:32":3}}}
,"/home/nichollasemanuel/desenvolvimento/desenvolvimento_pessoal/sites/justica-online-landing/src/components/BackToTopButton.tsx": {"path":"/home/nichollasemanuel/desenvolvimento/desenvolvimento_pessoal/sites/justica-online-landing/src/components/BackToTopButton.tsx","statementMap":{"0":{"start":{"line":9,"column":31},"end":{"line":22,"column":null}},"1":{"start":{"line":10,"column":2},"end":{"line":19,"column":null}}},"fnMap":{"0":{"name":"(anonymous_0)","decl":{"start":{"line":9,"column":31},"end":{"line":9,"column":32}},"loc":{"start":{"line":9,"column":65},"end":{"line":22,"column":null}},"line":9}},"branchMap":{},"s":{"0":1,"1":0},"f":{"0":0},"b":{},"meta":{"lastBranch":0,"lastFunction":1,"lastStatement":2,"seen":{"s:9:31:22:Infinity":0,"f:9:31:9:32":0,"s:10:2:19:Infinity":1}}}
,"/home/nichollasemanuel/desenvolvimento/desenvolvimento_pessoal/sites/justica-online-landing/src/components/ContactSection.tsx": {"path":"/home/nichollasemanuel/desenvolvimento/desenvolvimento_pessoal/sites/justica-online-landing/src/components/ContactSection.tsx","statementMap":{"0":{"start":{"line":11,"column":30},"end":{"line":228,"column":null}},"1":{"start":{"line":12,"column":31},"end":{"line":18,"column":null}},"2":{"start":{"line":19,"column":39},"end":{"line":19,"column":null}},"3":{"start":{"line":20,"column":17},"end":{"line":20,"column":null}},"4":{"start":{"line":22,"column":28},"end":{"line":24,"column":null}},"5":{"start":{"line":23,"column":4},"end":{"line":23,"column":null}},"6":{"start":{"line":23,"column":25},"end":{"line":23,"column":null}},"7":{"start":{"line":26,"column":23},"end":{"line":47,"column":null}},"8":{"start":{"line":27,"column":4},"end":{"line":27,"column":null}},"9":{"start":{"line":28,"column":4},"end":{"line":28,"column":null}},"10":{"start":{"line":31,"column":4},"end":{"line":31,"column":null}},"11":{"start":{"line":31,"column":33},"end":{"line":31,"column":null}},"12":{"start":{"line":33,"column":4},"end":{"line":36,"column":null}},"13":{"start":{"line":38,"column":4},"end":{"line":44,"column":null}},"14":{"start":{"line":46,"column":4},"end":{"line":46,"column":null}},"15":{"start":{"line":49,"column":22},"end":{"line":70,"column":null}},"16":{"start":{"line":72,"column":2},"end":{"line":216,"column":null}},"17":{"start":{"line":103,"column":39},"end":{"line":103,"column":null}},"18":{"start":{"line":116,"column":39},"end":{"line":116,"column":null}},"19":{"start":{"line":132,"column":39},"end":{"line":132,"column":null}},"20":{"start":{"line":142,"column":54},"end":{"line":142,"column":null}},"21":{"start":{"line":165,"column":37},"end":{"line":165,"column":null}},"22":{"start":{"line":189,"column":36},"end":{"line":190,"column":32}}},"fnMap":{"0":{"name":"(anonymous_0)","decl":{"start":{"line":11,"column":30},"end":{"line":11,"column":null}},"loc":{"start":{"line":11,"column":30},"end":{"line":228,"column":null}},"line":11},"1":{"name":"(anonymous_1)","decl":{"start":{"line":22,"column":28},"end":{"line":22,"column":29}},"loc":{"start":{"line":22,"column":44},"end":{"line":24,"column":null}},"line":22},"2":{"name":"(anonymous_2)","decl":{"start":{"line":23,"column":16},"end":{"line":23,"column":25}},"loc":{"start":{"line":23,"column":25},"end":{"line":23,"column":null}},"line":23},"3":{"name":"(anonymous_3)","decl":{"start":{"line":26,"column":23},"end":{"line":26,"column":30}},"loc":{"start":{"line":26,"column":30},"end":{"line":47,"column":null}},"line":26},"4":{"name":"(anonymous_4)","decl":{"start":{"line":31,"column":22},"end":{"line":31,"column":33}},"loc":{"start":{"line":31,"column":33},"end":{"line":31,"column":null}},"line":31},"5":{"name":"(anonymous_5)","decl":{"start":{"line":103,"column":32},"end":{"line":103,"column":33}},"loc":{"start":{"line":103,"column":39},"end":{"line":103,"column":null}},"line":103},"6":{"name":"(anonymous_6)","decl":{"start":{"line":116,"column":32},"end":{"line":116,"column":33}},"loc":{"start":{"line":116,"column":39},"end":{"line":116,"column":null}},"line":116},"7":{"name":"(anonymous_7)","decl":{"start":{"line":132,"column":32},"end":{"line":132,"column":33}},"loc":{"start":{"line":132,"column":39},"end":{"line":132,"column":null}},"line":132},"8":{"name":"(anonymous_8)","decl":{"start":{"line":142,"column":43},"end":{"line":142,"column":44}},"loc":{"start":{"line":142,"column":54},"end":{"line":142,"column":null}},"line":142},"9":{"name":"(anonymous_9)","decl":{"start":{"line":165,"column":30},"end":{"line":165,"column":31}},"loc":{"start":{"line":165,"column":37},"end":{"line":165,"column":null}},"line":165},"10":{"name":"(anonymous_10)","decl":{"start":{"line":189,"column":29},"end":{"line":189,"column":30}},"loc":{"start":{"line":189,"column":36},"end":{"line":190,"column":32}},"line":189}},"branchMap":{"0":{"loc":{"start":{"line":177,"column":19},"end":{"line":177,"column":null}},"type":"cond-expr","locations":[{"start":{"line":177,"column":34},"end":{"line":177,"column":50}},{"start":{"line":177,"column":50},"end":{"line":177,"column":null}}],"line":177}},"s":{"0":1,"1":2,"2":2,"3":2,"4":2,"5":0,"6":0,"7":2,"8":0,"9":0,"10":0,"11":0,"12":0,"13":0,"14":0,"15":2,"16":2,"17":0,"18":0,"19":0,"20":0,"21":0,"22":8},"f":{"0":2,"1":0,"2":0,"3":0,"4":0,"5":0,"6":0,"7":0,"8":0,"9":0,"10":8},"b":{"0":[0,2]},"meta":{"lastBranch":1,"lastFunction":11,"lastStatement":23,"seen":{"s:11:30:228:Infinity":0,"f:11:30:11:Infinity":0,"s:12:31:18:Infinity":1,"s:19:39:19:Infinity":2,"s:20:17:20:Infinity":3,"s:22:28:24:Infinity":4,"f:22:28:22:29":1,"s:23:4:23:Infinity":5,"f:23:16:23:25":2,"s:23:25:23:Infinity":6,"s:26:23:47:Infinity":7,"f:26:23:26:30":3,"s:27:4:27:Infinity":8,"s:28:4:28:Infinity":9,"s:31:4:31:Infinity":10,"f:31:22:31:33":4,"s:31:33:31:Infinity":11,"s:33:4:36:Infinity":12,"s:38:4:44:Infinity":13,"s:46:4:46:Infinity":14,"s:49:22:70:Infinity":15,"s:72:2:216:Infinity":16,"f:103:32:103:33":5,"s:103:39:103:Infinity":17,"f:116:32:116:33":6,"s:116:39:116:Infinity":18,"f:132:32:132:33":7,"s:132:39:132:Infinity":19,"f:142:43:142:44":8,"s:142:54:142:Infinity":20,"f:165:30:165:31":9,"s:165:37:165:Infinity":21,"b:177:34:177:50:177:50:177:Infinity":0,"f:189:29:189:30":10,"s:189:36:190:32":22}}}
,"/home/nichollasemanuel/desenvolvimento/desenvolvimento_pessoal/sites/justica-online-landing/src/components/Footer.tsx": {"path":"/home/nichollasemanuel/desenvolvimento/desenvolvimento_pessoal/sites/justica-online-landing/src/components/Footer.tsx","statementMap":{"0":{"start":{"line":4,"column":22},"end":{"line":112,"column":null}},"1":{"start":{"line":5,"column":22},"end":{"line":5,"column":null}},"2":{"start":{"line":7,"column":21},"end":{"line":12,"column":null}},"3":{"start":{"line":14,"column":21},"end":{"line":18,"column":null}},"4":{"start":{"line":20,"column":26},"end":{"line":25,"column":null}},"5":{"start":{"line":21,"column":20},"end":{"line":21,"column":null}},"6":{"start":{"line":22,"column":4},"end":{"line":24,"column":null}},"7":{"start":{"line":23,"column":6},"end":{"line":23,"column":null}},"8":{"start":{"line":27,"column":2},"end":{"line":105,"column":null}},"9":{"start":{"line":62,"column":31},"end":{"line":63,"column":null}},"10":{"start":{"line":65,"column":35},"end":{"line":65,"column":null}},"11":{"start":{"line":79,"column":31},"end":{"line":80,"column":null}}},"fnMap":{"0":{"name":"(anonymous_0)","decl":{"start":{"line":4,"column":22},"end":{"line":4,"column":null}},"loc":{"start":{"line":4,"column":22},"end":{"line":112,"column":null}},"line":4},"1":{"name":"(anonymous_1)","decl":{"start":{"line":20,"column":26},"end":{"line":20,"column":27}},"loc":{"start":{"line":20,"column":27},"end":{"line":25,"column":null}},"line":20},"2":{"name":"(anonymous_2)","decl":{"start":{"line":62,"column":30},"end":{"line":62,"column":31}},"loc":{"start":{"line":62,"column":31},"end":{"line":63,"column":null}},"line":62},"3":{"name":"(anonymous_3)","decl":{"start":{"line":65,"column":29},"end":{"line":65,"column":35}},"loc":{"start":{"line":65,"column":35},"end":{"line":65,"column":null}},"line":65},"4":{"name":"(anonymous_4)","decl":{"start":{"line":79,"column":30},"end":{"line":79,"column":31}},"loc":{"start":{"line":79,"column":31},"end":{"line":80,"column":null}},"line":79}},"branchMap":{"0":{"loc":{"start":{"line":22,"column":4},"end":{"line":24,"column":null}},"type":"if","locations":[{"start":{"line":22,"column":4},"end":{"line":24,"column":null}},{"start":{},"end":{}}],"line":22}},"s":{"0":1,"1":2,"2":2,"3":2,"4":2,"5":0,"6":0,"7":0,"8":2,"9":8,"10":0,"11":6},"f":{"0":2,"1":0,"2":8,"3":0,"4":6},"b":{"0":[0,0]},"meta":{"lastBranch":1,"lastFunction":5,"lastStatement":12,"seen":{"s:4:22:112:Infinity":0,"f:4:22:4:Infinity":0,"s:5:22:5:Infinity":1,"s:7:21:12:Infinity":2,"s:14:21:18:Infinity":3,"s:20:26:25:Infinity":4,"f:20:26:20:27":1,"s:21:20:21:Infinity":5,"b:22:4:24:Infinity:undefined:undefined:undefined:undefined":0,"s:22:4:24:Infinity":6,"s:23:6:23:Infinity":7,"s:27:2:105:Infinity":8,"f:62:30:62:31":2,"s:62:31:63:Infinity":9,"f:65:29:65:35":3,"s:65:35:65:Infinity":10,"f:79:30:79:31":4,"s:79:31:80:Infinity":11}}}
,"/home/nichollasemanuel/desenvolvimento/desenvolvimento_pessoal/sites/justica-online-landing/src/components/Header.tsx": {"path":"/home/nichollasemanuel/desenvolvimento/desenvolvimento_pessoal/sites/justica-online-landing/src/components/Header.tsx","statementMap":{"0":{"start":{"line":8,"column":22},"end":{"line":133,"column":null}},"1":{"start":{"line":9,"column":35},"end":{"line":9,"column":null}},"2":{"start":{"line":10,"column":35},"end":{"line":10,"column":null}},"3":{"start":{"line":12,"column":2},"end":{"line":14,"column":null}},"4":{"start":{"line":13,"column":4},"end":{"line":13,"column":null}},"5":{"start":{"line":16,"column":19},"end":{"line":21,"column":null}},"6":{"start":{"line":23,"column":26},"end":{"line":29,"column":null}},"7":{"start":{"line":24,"column":20},"end":{"line":24,"column":null}},"8":{"start":{"line":25,"column":4},"end":{"line":27,"column":null}},"9":{"start":{"line":26,"column":6},"end":{"line":26,"column":null}},"10":{"start":{"line":28,"column":4},"end":{"line":28,"column":null}},"11":{"start":{"line":31,"column":2},"end":{"line":123,"column":null}},"12":{"start":{"line":59,"column":27},"end":{"line":61,"column":null}},"13":{"start":{"line":62,"column":31},"end":{"line":62,"column":null}},"14":{"start":{"line":78,"column":29},"end":{"line":78,"column":null}},"15":{"start":{"line":99,"column":27},"end":{"line":99,"column":null}},"16":{"start":{"line":110,"column":29},"end":{"line":112,"column":null}},"17":{"start":{"line":113,"column":33},"end":{"line":113,"column":null}},"18":{"start":{"line":121,"column":33},"end":{"line":121,"column":null}}},"fnMap":{"0":{"name":"(anonymous_0)","decl":{"start":{"line":8,"column":22},"end":{"line":8,"column":null}},"loc":{"start":{"line":8,"column":22},"end":{"line":133,"column":null}},"line":8},"1":{"name":"(anonymous_1)","decl":{"start":{"line":12,"column":21},"end":{"line":12,"column":null}},"loc":{"start":{"line":12,"column":21},"end":{"line":14,"column":null}},"line":12},"2":{"name":"(anonymous_2)","decl":{"start":{"line":23,"column":26},"end":{"line":23,"column":27}},"loc":{"start":{"line":23,"column":27},"end":{"line":29,"column":null}},"line":23},"3":{"name":"(anonymous_3)","decl":{"start":{"line":59,"column":26},"end":{"line":59,"column":27}},"loc":{"start":{"line":59,"column":27},"end":{"line":61,"column":null}},"line":59},"4":{"name":"(anonymous_4)","decl":{"start":{"line":62,"column":25},"end":{"line":62,"column":31}},"loc":{"start":{"line":62,"column":31},"end":{"line":62,"column":null}},"line":62},"5":{"name":"(anonymous_5)","decl":{"start":{"line":78,"column":23},"end":{"line":78,"column":29}},"loc":{"start":{"line":78,"column":29},"end":{"line":78,"column":null}},"line":78},"6":{"name":"(anonymous_6)","decl":{"start":{"line":99,"column":21},"end":{"line":99,"column":27}},"loc":{"start":{"line":99,"column":27},"end":{"line":99,"column":null}},"line":99},"7":{"name":"(anonymous_7)","decl":{"start":{"line":110,"column":28},"end":{"line":110,"column":29}},"loc":{"start":{"line":110,"column":29},"end":{"line":112,"column":null}},"line":110},"8":{"name":"(anonymous_8)","decl":{"start":{"line":113,"column":27},"end":{"line":113,"column":33}},"loc":{"start":{"line":113,"column":33},"end":{"line":113,"column":null}},"line":113},"9":{"name":"(anonymous_9)","decl":{"start":{"line":121,"column":27},"end":{"line":121,"column":33}},"loc":{"start":{"line":121,"column":33},"end":{"line":121,"column":null}},"line":121}},"branchMap":{"0":{"loc":{"start":{"line":25,"column":4},"end":{"line":27,"column":null}},"type":"if","locations":[{"start":{"line":25,"column":4},"end":{"line":27,"column":null}},{"start":{},"end":{}}],"line":25},"1":{"loc":{"start":{"line":35,"column":8},"end":{"line":37,"column":null}},"type":"cond-expr","locations":[{"start":{"line":36,"column":12},"end":{"line":36,"column":null}},{"start":{"line":37,"column":12},"end":{"line":37,"column":null}}],"line":35},"2":{"loc":{"start":{"line":46,"column":14},"end":{"line":46,"column":null}},"type":"cond-expr","locations":[{"start":{"line":46,"column":27},"end":{"line":46,"column":44}},{"start":{"line":46,"column":44},"end":{"line":46,"column":null}}],"line":46},"3":{"loc":{"start":{"line":50,"column":14},"end":{"line":50,"column":null}},"type":"cond-expr","locations":[{"start":{"line":50,"column":27},"end":{"line":50,"column":47}},{"start":{"line":50,"column":47},"end":{"line":50,"column":null}}],"line":50},"4":{"loc":{"start":{"line":65,"column":18},"end":{"line":67,"column":null}},"type":"cond-expr","locations":[{"start":{"line":66,"column":22},"end":{"line":66,"column":null}},{"start":{"line":67,"column":22},"end":{"line":67,"column":null}}],"line":65},"5":{"loc":{"start":{"line":81,"column":16},"end":{"line":83,"column":null}},"type":"cond-expr","locations":[{"start":{"line":82,"column":20},"end":{"line":82,"column":null}},{"start":{"line":83,"column":20},"end":{"line":83,"column":null}}],"line":81},"6":{"loc":{"start":{"line":95,"column":14},"end":{"line":97,"column":null}},"type":"cond-expr","locations":[{"start":{"line":96,"column":18},"end":{"line":96,"column":null}},{"start":{"line":97,"column":18},"end":{"line":97,"column":null}}],"line":95},"7":{"loc":{"start":{"line":102,"column":13},"end":{"line":102,"column":null}},"type":"cond-expr","locations":[{"start":{"line":102,"column":13},"end":{"line":102,"column":55}},{"start":{"line":102,"column":54},"end":{"line":102,"column":null}}],"line":102},"8":{"loc":{"start":{"line":107,"column":9},"end":{"line":123,"column":null}},"type":"binary-expr","locations":[{"start":{"line":107,"column":9},"end":{"line":107,"column":null}},{"start":{"line":107,"column":9},"end":{"line":123,"column":null}}],"line":107}},"s":{"0":1,"1":2,"2":2,"3":2,"4":0,"5":2,"6":2,"7":0,"8":0,"9":0,"10":0,"11":2,"12":8,"13":0,"14":0,"15":0,"16":0,"17":0,"18":0},"f":{"0":2,"1":0,"2":0,"3":8,"4":0,"5":0,"6":0,"7":0,"8":0,"9":0},"b":{"0":[0,0],"1":[0,2],"2":[0,2],"3":[0,2],"4":[0,8],"5":[0,2],"6":[0,2],"7":[0,2],"8":[2,0]},"meta":{"lastBranch":9,"lastFunction":10,"lastStatement":19,"seen":{"s:8:22:133:Infinity":0,"f:8:22:8:Infinity":0,"s:9:35:9:Infinity":1,"s:10:35:10:Infinity":2,"s:12:2:14:Infinity":3,"f:12:21:12:Infinity":1,"s:13:4:13:Infinity":4,"s:16:19:21:Infinity":5,"s:23:26:29:Infinity":6,"f:23:26:23:27":2,"s:24:20:24:Infinity":7,"b:25:4:27:Infinity:undefined:undefined:undefined:undefined":0,"s:25:4:27:Infinity":8,"s:26:6:26:Infinity":9,"s:28:4:28:Infinity":10,"s:31:2:123:Infinity":11,"b:36:12:36:Infinity:37:12:37:Infinity":1,"b:46:27:46:44:46:44:46:Infinity":2,"b:50:27:50:47:50:47:50:Infinity":3,"f:59:26:59:27":3,"s:59:27:61:Infinity":12,"f:62:25:62:31":4,"s:62:31:62:Infinity":13,"b:66:22:66:Infinity:67:22:67:Infinity":4,"f:78:23:78:29":5,"s:78:29:78:Infinity":14,"b:82:20:82:Infinity:83:20:83:Infinity":5,"b:96:18:96:Infinity:97:18:97:Infinity":6,"f:99:21:99:27":6,"s:99:27:99:Infinity":15,"b:102:13:102:55:102:54:102:Infinity":7,"b:107:9:107:Infinity:107:9:123:Infinity":8,"f:110:28:110:29":7,"s:110:29:112:Infinity":16,"f:113:27:113:33":8,"s:113:33:113:Infinity":17,"f:121:27:121:33":9,"s:121:33:121:Infinity":18}}}
,"/home/nichollasemanuel/desenvolvimento/desenvolvimento_pessoal/sites/justica-online-landing/src/components/HeroSection.tsx": {"path":"/home/nichollasemanuel/desenvolvimento/desenvolvimento_pessoal/sites/justica-online-landing/src/components/HeroSection.tsx","statementMap":{"0":{"start":{"line":4,"column":27},"end":{"line":92,"column":null}},"1":{"start":{"line":5,"column":27},"end":{"line":10,"column":null}},"2":{"start":{"line":6,"column":20},"end":{"line":6,"column":null}},"3":{"start":{"line":7,"column":4},"end":{"line":9,"column":null}},"4":{"start":{"line":8,"column":6},"end":{"line":8,"column":null}},"5":{"start":{"line":12,"column":26},"end":{"line":17,"column":null}},"6":{"start":{"line":13,"column":20},"end":{"line":13,"column":null}},"7":{"start":{"line":14,"column":4},"end":{"line":16,"column":null}},"8":{"start":{"line":15,"column":6},"end":{"line":15,"column":null}},"9":{"start":{"line":19,"column":2},"end":{"line":89,"column":null}}},"fnMap":{"0":{"name":"(anonymous_0)","decl":{"start":{"line":4,"column":27},"end":{"line":4,"column":null}},"loc":{"start":{"line":4,"column":27},"end":{"line":92,"column":null}},"line":4},"1":{"name":"(anonymous_1)","decl":{"start":{"line":5,"column":27},"end":{"line":5,"column":null}},"loc":{"start":{"line":5,"column":27},"end":{"line":10,"column":null}},"line":5},"2":{"name":"(anonymous_2)","decl":{"start":{"line":12,"column":26},"end":{"line":12,"column":null}},"loc":{"start":{"line":12,"column":26},"end":{"line":17,"column":null}},"line":12}},"branchMap":{"0":{"loc":{"start":{"line":7,"column":4},"end":{"line":9,"column":null}},"type":"if","locations":[{"start":{"line":7,"column":4},"end":{"line":9,"column":null}},{"start":{},"end":{}}],"line":7},"1":{"loc":{"start":{"line":14,"column":4},"end":{"line":16,"column":null}},"type":"if","locations":[{"start":{"line":14,"column":4},"end":{"line":16,"column":null}},{"start":{},"end":{}}],"line":14}},"s":{"0":1,"1":2,"2":0,"3":0,"4":0,"5":2,"6":0,"7":0,"8":0,"9":2},"f":{"0":2,"1":0,"2":0},"b":{"0":[0,0],"1":[0,0]},"meta":{"lastBranch":2,"lastFunction":3,"lastStatement":10,"seen":{"s:4:27:92:Infinity":0,"f:4:27:4:Infinity":0,"s:5:27:10:Infinity":1,"f:5:27:5:Infinity":1,"s:6:20:6:Infinity":2,"b:7:4:9:Infinity:undefined:undefined:undefined:undefined":0,"s:7:4:9:Infinity":3,"s:8:6:8:Infinity":4,"s:12:26:17:Infinity":5,"f:12:26:12:Infinity":2,"s:13:20:13:Infinity":6,"b:14:4:16:Infinity:undefined:undefined:undefined:undefined":1,"s:14:4:16:Infinity":7,"s:15:6:15:Infinity":8,"s:19:2:89:Infinity":9}}}
,"/home/nichollasemanuel/desenvolvimento/desenvolvimento_pessoal/sites/justica-online-landing/src/components/ScrollProgress.tsx": {"path":"/home/nichollasemanuel/desenvolvimento/desenvolvimento_pessoal/sites/justica-online-landing/src/components/ScrollProgress.tsx","statementMap":{"0":{"start":{"line":3,"column":30},"end":{"line":30,"column":null}},"1":{"start":{"line":4,"column":43},"end":{"line":4,"column":null}},"2":{"start":{"line":6,"column":2},"end":{"line":20,"column":null}},"3":{"start":{"line":7,"column":33},"end":{"line":14,"column":null}},"4":{"start":{"line":8,"column":30},"end":{"line":8,"column":44}},"5":{"start":{"line":9,"column":27},"end":{"line":9,"column":74}},"6":{"start":{"line":11,"column":6},"end":{"line":13,"column":null}},"7":{"start":{"line":12,"column":8},"end":{"line":12,"column":null}},"8":{"start":{"line":16,"column":4},"end":{"line":16,"column":null}},"9":{"start":{"line":17,"column":4},"end":{"line":17,"column":null}},"10":{"start":{"line":19,"column":4},"end":{"line":19,"column":null}},"11":{"start":{"line":19,"column":17},"end":{"line":19,"column":null}},"12":{"start":{"line":22,"column":2},"end":{"line":26,"column":null}}},"fnMap":{"0":{"name":"(anonymous_0)","decl":{"start":{"line":3,"column":30},"end":{"line":3,"column":null}},"loc":{"start":{"line":3,"column":30},"end":{"line":30,"column":null}},"line":3},"1":{"name":"(anonymous_1)","decl":{"start":{"line":6,"column":12},"end":{"line":6,"column":null}},"loc":{"start":{"line":6,"column":12},"end":{"line":20,"column":5}},"line":6},"2":{"name":"(anonymous_2)","decl":{"start":{"line":7,"column":33},"end":{"line":7,"column":null}},"loc":{"start":{"line":7,"column":33},"end":{"line":14,"column":null}},"line":7},"3":{"name":"(anonymous_3)","decl":{"start":{"line":19,"column":11},"end":{"line":19,"column":17}},"loc":{"start":{"line":19,"column":17},"end":{"line":19,"column":null}},"line":19}},"branchMap":{"0":{"loc":{"start":{"line":11,"column":6},"end":{"line":13,"column":null}},"type":"if","locations":[{"start":{"line":11,"column":6},"end":{"line":13,"column":null}},{"start":{},"end":{}}],"line":11}},"s":{"0":1,"1":4,"2":4,"3":2,"4":2,"5":2,"6":2,"7":2,"8":2,"9":2,"10":2,"11":2,"12":4},"f":{"0":4,"1":2,"2":2,"3":2},"b":{"0":[2,0]},"meta":{"lastBranch":1,"lastFunction":4,"lastStatement":13,"seen":{"s:3:30:30:Infinity":0,"f:3:30:3:Infinity":0,"s:4:43:4:Infinity":1,"s:6:2:20:Infinity":2,"f:6:12:6:Infinity":1,"s:7:33:14:Infinity":3,"f:7:33:7:Infinity":2,"s:8:30:8:44":4,"s:9:27:9:74":5,"b:11:6:13:Infinity:undefined:undefined:undefined:undefined":0,"s:11:6:13:Infinity":6,"s:12:8:12:Infinity":7,"s:16:4:16:Infinity":8,"s:17:4:17:Infinity":9,"s:19:4:19:Infinity":10,"f:19:11:19:17":3,"s:19:17:19:Infinity":11,"s:22:2:26:Infinity":12}}}
,"/home/nichollasemanuel/desenvolvimento/desenvolvimento_pessoal/sites/justica-online-landing/src/components/ServicesSection.tsx": {"path":"/home/nichollasemanuel/desenvolvimento/desenvolvimento_pessoal/sites/justica-online-landing/src/components/ServicesSection.tsx","statementMap":{"0":{"start":{"line":5,"column":31},"end":{"line":93,"column":null}},"1":{"start":{"line":6,"column":19},"end":{"line":43,"column":null}},"2":{"start":{"line":45,"column":2},"end":{"line":61,"column":null}},"3":{"start":{"line":59,"column":34},"end":{"line":61,"column":null}},"4":{"start":{"line":77,"column":50},"end":{"line":79,"column":null}}},"fnMap":{"0":{"name":"(anonymous_0)","decl":{"start":{"line":5,"column":31},"end":{"line":5,"column":null}},"loc":{"start":{"line":5,"column":31},"end":{"line":93,"column":null}},"line":5},"1":{"name":"(anonymous_1)","decl":{"start":{"line":59,"column":24},"end":{"line":59,"column":25}},"loc":{"start":{"line":59,"column":34},"end":{"line":61,"column":null}},"line":59},"2":{"name":"(anonymous_2)","decl":{"start":{"line":77,"column":40},"end":{"line":77,"column":41}},"loc":{"start":{"line":77,"column":50},"end":{"line":79,"column":null}},"line":77}},"branchMap":{},"s":{"0":1,"1":2,"2":2,"3":12,"4":36},"f":{"0":2,"1":12,"2":36},"b":{},"meta":{"lastBranch":0,"lastFunction":3,"lastStatement":5,"seen":{"s:5:31:93:Infinity":0,"f:5:31:5:Infinity":0,"s:6:19:43:Infinity":1,"s:45:2:61:Infinity":2,"f:59:24:59:25":1,"s:59:34:61:Infinity":3,"f:77:40:77:41":2,"s:77:50:79:Infinity":4}}}
,"/home/nichollasemanuel/desenvolvimento/desenvolvimento_pessoal/sites/justica-online-landing/src/components/TestimonialsSection.tsx": {"path":"/home/nichollasemanuel/desenvolvimento/desenvolvimento_pessoal/sites/justica-online-landing/src/components/TestimonialsSection.tsx","statementMap":{"0":{"start":{"line":5,"column":35},"end":{"line":100,"column":null}},"1":{"start":{"line":6,"column":23},"end":{"line":49,"column":null}},"2":{"start":{"line":51,"column":2},"end":{"line":66,"column":30}},"3":{"start":{"line":65,"column":42},"end":{"line":66,"column":30}},"4":{"start":{"line":77,"column":58},"end":{"line":78,"column":34}}},"fnMap":{"0":{"name":"(anonymous_0)","decl":{"start":{"line":5,"column":35},"end":{"line":5,"column":null}},"loc":{"start":{"line":5,"column":35},"end":{"line":100,"column":null}},"line":5},"1":{"name":"(anonymous_1)","decl":{"start":{"line":65,"column":28},"end":{"line":65,"column":29}},"loc":{"start":{"line":65,"column":42},"end":{"line":66,"column":30}},"line":65},"2":{"name":"(anonymous_2)","decl":{"start":{"line":77,"column":54},"end":{"line":77,"column":55}},"loc":{"start":{"line":77,"column":58},"end":{"line":78,"column":34}},"line":77}},"branchMap":{},"s":{"0":1,"1":2,"2":2,"3":12,"4":60},"f":{"0":2,"1":12,"2":60},"b":{},"meta":{"lastBranch":0,"lastFunction":3,"lastStatement":5,"seen":{"s:5:35:100:Infinity":0,"f:5:35:5:Infinity":0,"s:6:23:49:Infinity":1,"s:51:2:66:30":2,"f:65:28:65:29":1,"s:65:42:66:30":3,"f:77:54:77:55":2,"s:77:58:78:34":4}}}
,"/home/nichollasemanuel/desenvolvimento/desenvolvimento_pessoal/sites/justica-online-landing/src/components/WhatsAppButton.tsx": {"path":"/home/nichollasemanuel/desenvolvimento/desenvolvimento_pessoal/sites/justica-online-landing/src/components/WhatsAppButton.tsx","statementMap":{"0":{"start":{"line":5,"column":21},"end":{"line":13,"column":null}},"1":{"start":{"line":17,"column":30},"end":{"line":46,"column":null}},"2":{"start":{"line":19,"column":25},"end":{"line":19,"column":42}},"3":{"start":{"line":20,"column":18},"end":{"line":20,"column":null}},"4":{"start":{"line":22,"column":30},"end":{"line":25,"column":null}},"5":{"start":{"line":23,"column":16},"end":{"line":23,"column":85}},"6":{"start":{"line":24,"column":4},"end":{"line":24,"column":null}},"7":{"start":{"line":27,"column":2},"end":{"line":41,"column":null}}},"fnMap":{"0":{"name":"(anonymous_0)","decl":{"start":{"line":5,"column":21},"end":{"line":5,"column":null}},"loc":{"start":{"line":5,"column":21},"end":{"line":13,"column":null}},"line":5},"1":{"name":"(anonymous_1)","decl":{"start":{"line":17,"column":30},"end":{"line":17,"column":null}},"loc":{"start":{"line":17,"column":30},"end":{"line":46,"column":null}},"line":17},"2":{"name":"(anonymous_2)","decl":{"start":{"line":22,"column":30},"end":{"line":22,"column":null}},"loc":{"start":{"line":22,"column":30},"end":{"line":25,"column":null}},"line":22}},"branchMap":{},"s":{"0":2,"1":1,"2":2,"3":2,"4":2,"5":0,"6":0,"7":2},"f":{"0":2,"1":2,"2":0},"b":{},"meta":{"lastBranch":0,"lastFunction":3,"lastStatement":8,"seen":{"s:5:21:13:Infinity":0,"f:5:21:5:Infinity":0,"s:17:30:46:Infinity":1,"f:17:30:17:Infinity":1,"s:19:25:19:42":2,"s:20:18:20:Infinity":3,"s:22:30:25:Infinity":4,"f:22:30:22:Infinity":2,"s:23:16:23:85":5,"s:24:4:24:Infinity":6,"s:27:2:41:Infinity":7}}}
,"/home/nichollasemanuel/desenvolvimento/desenvolvimento_pessoal/sites/justica-online-landing/src/components/ui/button.tsx": {"path":"/home/nichollasemanuel/desenvolvimento/desenvolvimento_pessoal/sites/justica-online-landing/src/components/ui/button.tsx","statementMap":{"0":{"start":{"line":7,"column":6},"end":{"line":33,"column":null}},"1":{"start":{"line":42,"column":15},"end":{"line":52,"column":null}},"2":{"start":{"line":44,"column":17},"end":{"line":44,"column":null}},"3":{"start":{"line":45,"column":4},"end":{"line":49,"column":null}},"4":{"start":{"line":54,"column":0},"end":{"line":54,"column":null}}},"fnMap":{"0":{"name":"(anonymous_0)","decl":{"start":{"line":43,"column":2},"end":{"line":43,"column":3}},"loc":{"start":{"line":43,"column":60},"end":{"line":52,"column":null}},"line":43}},"branchMap":{"0":{"loc":{"start":{"line":43,"column":31},"end":{"line":43,"column":46}},"type":"default-arg","locations":[{"start":{"line":43,"column":41},"end":{"line":43,"column":46}}],"line":43},"1":{"loc":{"start":{"line":44,"column":17},"end":{"line":44,"column":null}},"type":"cond-expr","locations":[{"start":{"line":44,"column":27},"end":{"line":44,"column":34}},{"start":{"line":44,"column":34},"end":{"line":44,"column":null}}],"line":44}},"s":{"0":2,"1":2,"2":14,"3":14,"4":2},"f":{"0":14},"b":{"0":[14],"1":[0,14]},"meta":{"lastBranch":2,"lastFunction":1,"lastStatement":5,"seen":{"s:7:6:33:Infinity":0,"s:42:15:52:Infinity":1,"f:43:2:43:3":0,"b:43:41:43:46":0,"s:44:17:44:Infinity":2,"b:44:27:44:34:44:34:44:Infinity":1,"s:45:4:49:Infinity":3,"s:54:0:54:Infinity":4}}}
,"/home/nichollasemanuel/desenvolvimento/desenvolvimento_pessoal/sites/justica-online-landing/src/components/ui/card.tsx": {"path":"/home/nichollasemanuel/desenvolvimento/desenvolvimento_pessoal/sites/justica-online-landing/src/components/ui/card.tsx","statementMap":{"0":{"start":{"line":5,"column":13},"end":{"line":15,"column":null}},"1":{"start":{"line":8,"column":28},"end":{"line":15,"column":null}},"2":{"start":{"line":18,"column":0},"end":{"line":18,"column":null}},"3":{"start":{"line":20,"column":19},"end":{"line":27,"column":null}},"4":{"start":{"line":23,"column":28},"end":{"line":27,"column":null}},"5":{"start":{"line":30,"column":0},"end":{"line":30,"column":null}},"6":{"start":{"line":32,"column":18},"end":{"line":42,"column":null}},"7":{"start":{"line":35,"column":28},"end":{"line":42,"column":null}},"8":{"start":{"line":45,"column":0},"end":{"line":45,"column":null}},"9":{"start":{"line":47,"column":24},"end":{"line":54,"column":null}},"10":{"start":{"line":50,"column":28},"end":{"line":54,"column":null}},"11":{"start":{"line":57,"column":0},"end":{"line":57,"column":null}},"12":{"start":{"line":59,"column":20},"end":{"line":63,"column":null}},"13":{"start":{"line":62,"column":28},"end":{"line":63,"column":null}},"14":{"start":{"line":65,"column":0},"end":{"line":65,"column":null}},"15":{"start":{"line":67,"column":19},"end":{"line":74,"column":null}},"16":{"start":{"line":70,"column":28},"end":{"line":74,"column":null}},"17":{"start":{"line":77,"column":0},"end":{"line":77,"column":null}}},"fnMap":{"0":{"name":"(anonymous_0)","decl":{"start":{"line":8,"column":2},"end":{"line":8,"column":3}},"loc":{"start":{"line":8,"column":28},"end":{"line":15,"column":null}},"line":8},"1":{"name":"(anonymous_1)","decl":{"start":{"line":23,"column":2},"end":{"line":23,"column":3}},"loc":{"start":{"line":23,"column":28},"end":{"line":27,"column":null}},"line":23},"2":{"name":"(anonymous_2)","decl":{"start":{"line":35,"column":2},"end":{"line":35,"column":3}},"loc":{"start":{"line":35,"column":28},"end":{"line":42,"column":null}},"line":35},"3":{"name":"(anonymous_3)","decl":{"start":{"line":50,"column":2},"end":{"line":50,"column":3}},"loc":{"start":{"line":50,"column":28},"end":{"line":54,"column":null}},"line":50},"4":{"name":"(anonymous_4)","decl":{"start":{"line":62,"column":2},"end":{"line":62,"column":3}},"loc":{"start":{"line":62,"column":28},"end":{"line":63,"column":null}},"line":62},"5":{"name":"(anonymous_5)","decl":{"start":{"line":70,"column":2},"end":{"line":70,"column":3}},"loc":{"start":{"line":70,"column":28},"end":{"line":74,"column":null}},"line":70}},"branchMap":{},"s":{"0":1,"1":44,"2":1,"3":1,"4":14,"5":1,"6":1,"7":14,"8":1,"9":1,"10":12,"11":1,"12":1,"13":44,"14":1,"15":1,"16":0,"17":1},"f":{"0":44,"1":14,"2":14,"3":12,"4":44,"5":0},"b":{},"meta":{"lastBranch":0,"lastFunction":6,"lastStatement":18,"seen":{"s:5:13:15:Infinity":0,"f:8:2:8:3":0,"s:8:28:15:Infinity":1,"s:18:0:18:Infinity":2,"s:20:19:27:Infinity":3,"f:23:2:23:3":1,"s:23:28:27:Infinity":4,"s:30:0:30:Infinity":5,"s:32:18:42:Infinity":6,"f:35:2:35:3":2,"s:35:28:42:Infinity":7,"s:45:0:45:Infinity":8,"s:47:24:54:Infinity":9,"f:50:2:50:3":3,"s:50:28:54:Infinity":10,"s:57:0:57:Infinity":11,"s:59:20:63:Infinity":12,"f:62:2:62:3":4,"s:62:28:63:Infinity":13,"s:65:0:65:Infinity":14,"s:67:19:74:Infinity":15,"f:70:2:70:3":5,"s:70:28:74:Infinity":16,"s:77:0:77:Infinity":17}}}
,"/home/nichollasemanuel/desenvolvimento/desenvolvimento_pessoal/sites/justica-online-landing/src/components/ui/input.tsx": {"path":"/home/nichollasemanuel/desenvolvimento/desenvolvimento_pessoal/sites/justica-online-landing/src/components/ui/input.tsx","statementMap":{"0":{"start":{"line":5,"column":14},"end":{"line":18,"column":null}},"1":{"start":{"line":7,"column":4},"end":{"line":15,"column":null}},"2":{"start":{"line":20,"column":0},"end":{"line":20,"column":null}}},"fnMap":{"0":{"name":"(anonymous_0)","decl":{"start":{"line":6,"column":2},"end":{"line":6,"column":3}},"loc":{"start":{"line":6,"column":34},"end":{"line":18,"column":null}},"line":6}},"branchMap":{},"s":{"0":1,"1":6,"2":1},"f":{"0":6},"b":{},"meta":{"lastBranch":0,"lastFunction":1,"lastStatement":3,"seen":{"s:5:14:18:Infinity":0,"f:6:2:6:3":0,"s:7:4:15:Infinity":1,"s:20:0:20:Infinity":2}}}
,"/home/nichollasemanuel/desenvolvimento/desenvolvimento_pessoal/sites/justica-online-landing/src/components/ui/select.tsx": {"path":"/home/nichollasemanuel/desenvolvimento/desenvolvimento_pessoal/sites/justica-online-landing/src/components/ui/select.tsx","statementMap":{"0":{"start":{"line":7,"column":15},"end":{"line":7,"column":35}},"1":{"start":{"line":9,"column":20},"end":{"line":9,"column":41}},"2":{"start":{"line":11,"column":20},"end":{"line":11,"column":41}},"3":{"start":{"line":13,"column":22},"end":{"line":27,"column":null}},"4":{"start":{"line":16,"column":38},"end":{"line":27,"column":null}},"5":{"start":{"line":31,"column":0},"end":{"line":31,"column":null}},"6":{"start":{"line":33,"column":29},"end":{"line":45,"column":null}},"7":{"start":{"line":36,"column":28},"end":{"line":45,"column":null}},"8":{"start":{"line":48,"column":0},"end":{"line":48,"column":null}},"9":{"start":{"line":50,"column":31},"end":{"line":62,"column":null}},"10":{"start":{"line":53,"column":28},"end":{"line":62,"column":null}},"11":{"start":{"line":65,"column":0},"end":{"line":66,"column":null}},"12":{"start":{"line":68,"column":22},"end":{"line":94,"column":null}},"13":{"start":{"line":71,"column":59},"end":{"line":94,"column":null}},"14":{"start":{"line":98,"column":0},"end":{"line":98,"column":null}},"15":{"start":{"line":100,"column":20},"end":{"line":107,"column":null}},"16":{"start":{"line":103,"column":28},"end":{"line":107,"column":null}},"17":{"start":{"line":110,"column":0},"end":{"line":110,"column":null}},"18":{"start":{"line":112,"column":19},"end":{"line":130,"column":null}},"19":{"start":{"line":115,"column":38},"end":{"line":130,"column":null}},"20":{"start":{"line":133,"column":0},"end":{"line":133,"column":null}},"21":{"start":{"line":135,"column":24},"end":{"line":142,"column":null}},"22":{"start":{"line":138,"column":28},"end":{"line":142,"column":null}},"23":{"start":{"line":145,"column":0},"end":{"line":145,"column":null}}},"fnMap":{"0":{"name":"(anonymous_0)","decl":{"start":{"line":16,"column":2},"end":{"line":16,"column":3}},"loc":{"start":{"line":16,"column":38},"end":{"line":27,"column":null}},"line":16},"1":{"name":"(anonymous_1)","decl":{"start":{"line":36,"column":2},"end":{"line":36,"column":3}},"loc":{"start":{"line":36,"column":28},"end":{"line":45,"column":null}},"line":36},"2":{"name":"(anonymous_2)","decl":{"start":{"line":53,"column":2},"end":{"line":53,"column":3}},"loc":{"start":{"line":53,"column":28},"end":{"line":62,"column":null}},"line":53},"3":{"name":"(anonymous_3)","decl":{"start":{"line":71,"column":2},"end":{"line":71,"column":3}},"loc":{"start":{"line":71,"column":59},"end":{"line":94,"column":null}},"line":71},"4":{"name":"(anonymous_4)","decl":{"start":{"line":103,"column":2},"end":{"line":103,"column":3}},"loc":{"start":{"line":103,"column":28},"end":{"line":107,"column":null}},"line":103},"5":{"name":"(anonymous_5)","decl":{"start":{"line":115,"column":2},"end":{"line":115,"column":3}},"loc":{"start":{"line":115,"column":38},"end":{"line":130,"column":null}},"line":115},"6":{"name":"(anonymous_6)","decl":{"start":{"line":138,"column":2},"end":{"line":138,"column":3}},"loc":{"start":{"line":138,"column":28},"end":{"line":142,"column":null}},"line":138}},"branchMap":{"0":{"loc":{"start":{"line":71,"column":26},"end":{"line":71,"column":45}},"type":"default-arg","locations":[{"start":{"line":71,"column":37},"end":{"line":71,"column":45}}],"line":71},"1":{"loc":{"start":{"line":77,"column":8},"end":{"line":78,"column":null}},"type":"binary-expr","locations":[{"start":{"line":77,"column":8},"end":{"line":77,"column":null}},{"start":{"line":78,"column":10},"end":{"line":78,"column":null}}],"line":77},"2":{"loc":{"start":{"line":88,"column":10},"end":{"line":89,"column":null}},"type":"binary-expr","locations":[{"start":{"line":88,"column":10},"end":{"line":88,"column":null}},{"start":{"line":89,"column":12},"end":{"line":89,"column":null}}],"line":88}},"s":{"0":1,"1":1,"2":1,"3":1,"4":2,"5":1,"6":1,"7":2,"8":1,"9":1,"10":2,"11":1,"12":1,"13":2,"14":1,"15":1,"16":0,"17":1,"18":1,"19":14,"20":1,"21":1,"22":0,"23":1},"f":{"0":2,"1":2,"2":2,"3":2,"4":0,"5":14,"6":0},"b":{"0":[2],"1":[2,2],"2":[2,2]},"meta":{"lastBranch":3,"lastFunction":7,"lastStatement":24,"seen":{"s:7:15:7:35":0,"s:9:20:9:41":1,"s:11:20:11:41":2,"s:13:22:27:Infinity":3,"f:16:2:16:3":0,"s:16:38:27:Infinity":4,"s:31:0:31:Infinity":5,"s:33:29:45:Infinity":6,"f:36:2:36:3":1,"s:36:28:45:Infinity":7,"s:48:0:48:Infinity":8,"s:50:31:62:Infinity":9,"f:53:2:53:3":2,"s:53:28:62:Infinity":10,"s:65:0:66:Infinity":11,"s:68:22:94:Infinity":12,"f:71:2:71:3":3,"s:71:59:94:Infinity":13,"b:71:37:71:45":0,"b:77:8:77:Infinity:78:10:78:Infinity":1,"b:88:10:88:Infinity:89:12:89:Infinity":2,"s:98:0:98:Infinity":14,"s:100:20:107:Infinity":15,"f:103:2:103:3":4,"s:103:28:107:Infinity":16,"s:110:0:110:Infinity":17,"s:112:19:130:Infinity":18,"f:115:2:115:3":5,"s:115:38:130:Infinity":19,"s:133:0:133:Infinity":20,"s:135:24:142:Infinity":21,"f:138:2:138:3":6,"s:138:28:142:Infinity":22,"s:145:0:145:Infinity":23}}}
,"/home/nichollasemanuel/desenvolvimento/desenvolvimento_pessoal/sites/justica-online-landing/src/components/ui/sonner.tsx": {"path":"/home/nichollasemanuel/desenvolvimento/desenvolvimento_pessoal/sites/justica-online-landing/src/components/ui/sonner.tsx","statementMap":{"0":{"start":{"line":6,"column":16},"end":{"line":27,"column":null}},"1":{"start":{"line":7,"column":28},"end":{"line":7,"column":null}},"2":{"start":{"line":9,"column":2},"end":{"line":24,"column":null}}},"fnMap":{"0":{"name":"(anonymous_0)","decl":{"start":{"line":6,"column":16},"end":{"line":6,"column":17}},"loc":{"start":{"line":6,"column":43},"end":{"line":27,"column":null}},"line":6}},"branchMap":{"0":{"loc":{"start":{"line":7,"column":10},"end":{"line":7,"column":26}},"type":"default-arg","locations":[{"start":{"line":7,"column":18},"end":{"line":7,"column":26}}],"line":7}},"s":{"0":1,"1":2,"2":2},"f":{"0":2},"b":{"0":[2]},"meta":{"lastBranch":1,"lastFunction":1,"lastStatement":3,"seen":{"s:6:16:27:Infinity":0,"f:6:16:6:17":0,"s:7:28:7:Infinity":1,"b:7:18:7:26":0,"s:9:2:24:Infinity":2}}}
,"/home/nichollasemanuel/desenvolvimento/desenvolvimento_pessoal/sites/justica-online-landing/src/components/ui/textarea.tsx": {"path":"/home/nichollasemanuel/desenvolvimento/desenvolvimento_pessoal/sites/justica-online-landing/src/components/ui/textarea.tsx","statementMap":{"0":{"start":{"line":8,"column":17},"end":{"line":20,"column":null}},"1":{"start":{"line":10,"column":4},"end":{"line":17,"column":null}},"2":{"start":{"line":22,"column":0},"end":{"line":22,"column":null}}},"fnMap":{"0":{"name":"(anonymous_0)","decl":{"start":{"line":9,"column":2},"end":{"line":9,"column":3}},"loc":{"start":{"line":9,"column":28},"end":{"line":20,"column":null}},"line":9}},"branchMap":{},"s":{"0":1,"1":2,"2":1},"f":{"0":2},"b":{},"meta":{"lastBranch":0,"lastFunction":1,"lastStatement":3,"seen":{"s:8:17:20:Infinity":0,"f:9:2:9:3":0,"s:10:4:17:Infinity":1,"s:22:0:22:Infinity":2}}}
,"/home/nichollasemanuel/desenvolvimento/desenvolvimento_pessoal/sites/justica-online-landing/src/components/ui/toast.tsx": {"path":"/home/nichollasemanuel/desenvolvimento/desenvolvimento_pessoal/sites/justica-online-landing/src/components/ui/toast.tsx","statementMap":{"0":{"start":{"line":8,"column":22},"end":{"line":8,"column":46}},"1":{"start":{"line":10,"column":22},"end":{"line":20,"column":null}},"2":{"start":{"line":13,"column":28},"end":{"line":20,"column":null}},"3":{"start":{"line":23,"column":0},"end":{"line":23,"column":null}},"4":{"start":{"line":25,"column":6},"end":{"line":38,"column":null}},"5":{"start":{"line":41,"column":14},"end":{"line":53,"column":null}},"6":{"start":{"line":46,"column":2},"end":{"line":50,"column":null}},"7":{"start":{"line":54,"column":0},"end":{"line":54,"column":null}},"8":{"start":{"line":56,"column":20},"end":{"line":66,"column":null}},"9":{"start":{"line":59,"column":28},"end":{"line":66,"column":null}},"10":{"start":{"line":69,"column":0},"end":{"line":69,"column":null}},"11":{"start":{"line":71,"column":19},"end":{"line":84,"column":null}},"12":{"start":{"line":74,"column":28},"end":{"line":84,"column":null}},"13":{"start":{"line":87,"column":0},"end":{"line":87,"column":null}},"14":{"start":{"line":89,"column":19},"end":{"line":96,"column":null}},"15":{"start":{"line":92,"column":28},"end":{"line":96,"column":null}},"16":{"start":{"line":99,"column":0},"end":{"line":99,"column":null}},"17":{"start":{"line":101,"column":25},"end":{"line":108,"column":null}},"18":{"start":{"line":104,"column":28},"end":{"line":108,"column":null}},"19":{"start":{"line":111,"column":0},"end":{"line":111,"column":null}}},"fnMap":{"0":{"name":"(anonymous_0)","decl":{"start":{"line":13,"column":2},"end":{"line":13,"column":3}},"loc":{"start":{"line":13,"column":28},"end":{"line":20,"column":null}},"line":13},"1":{"name":"(anonymous_1)","decl":{"start":{"line":45,"column":2},"end":{"line":45,"column":3}},"loc":{"start":{"line":45,"column":37},"end":{"line":53,"column":null}},"line":45},"2":{"name":"(anonymous_2)","decl":{"start":{"line":59,"column":2},"end":{"line":59,"column":3}},"loc":{"start":{"line":59,"column":28},"end":{"line":66,"column":null}},"line":59},"3":{"name":"(anonymous_3)","decl":{"start":{"line":74,"column":2},"end":{"line":74,"column":3}},"loc":{"start":{"line":74,"column":28},"end":{"line":84,"column":null}},"line":74},"4":{"name":"(anonymous_4)","decl":{"start":{"line":92,"column":2},"end":{"line":92,"column":3}},"loc":{"start":{"line":92,"column":28},"end":{"line":96,"column":null}},"line":92},"5":{"name":"(anonymous_5)","decl":{"start":{"line":104,"column":2},"end":{"line":104,"column":3}},"loc":{"start":{"line":104,"column":28},"end":{"line":108,"column":null}},"line":104}},"branchMap":{},"s":{"0":1,"1":1,"2":2,"3":1,"4":1,"5":1,"6":0,"7":1,"8":1,"9":0,"10":1,"11":1,"12":0,"13":1,"14":1,"15":0,"16":1,"17":1,"18":0,"19":1},"f":{"0":2,"1":0,"2":0,"3":0,"4":0,"5":0},"b":{},"meta":{"lastBranch":0,"lastFunction":6,"lastStatement":20,"seen":{"s:8:22:8:46":0,"s:10:22:20:Infinity":1,"f:13:2:13:3":0,"s:13:28:20:Infinity":2,"s:23:0:23:Infinity":3,"s:25:6:38:Infinity":4,"s:41:14:53:Infinity":5,"f:45:2:45:3":1,"s:46:2:50:Infinity":6,"s:54:0:54:Infinity":7,"s:56:20:66:Infinity":8,"f:59:2:59:3":2,"s:59:28:66:Infinity":9,"s:69:0:69:Infinity":10,"s:71:19:84:Infinity":11,"f:74:2:74:3":3,"s:74:28:84:Infinity":12,"s:87:0:87:Infinity":13,"s:89:19:96:Infinity":14,"f:92:2:92:3":4,"s:92:28:96:Infinity":15,"s:99:0:99:Infinity":16,"s:101:25:108:Infinity":17,"f:104:2:104:3":5,"s:104:28:108:Infinity":18,"s:111:0:111:Infinity":19}}}
,"/home/nichollasemanuel/desenvolvimento/desenvolvimento_pessoal/sites/justica-online-landing/src/components/ui/toaster.tsx": {"path":"/home/nichollasemanuel/desenvolvimento/desenvolvimento_pessoal/sites/justica-online-landing/src/components/ui/toaster.tsx","statementMap":{"0":{"start":{"line":12,"column":18},"end":{"line":12,"column":null}},"1":{"start":{"line":14,"column":2},"end":{"line":30,"column":null}},"2":{"start":{"line":17,"column":8},"end":{"line":18,"column":27}}},"fnMap":{"0":{"name":"Toaster","decl":{"start":{"line":11,"column":16},"end":{"line":11,"column":null}},"loc":{"start":{"line":11,"column":16},"end":{"line":33,"column":null}},"line":11},"1":{"name":"(anonymous_1)","decl":{"start":{"line":16,"column":18},"end":{"line":16,"column":28}},"loc":{"start":{"line":16,"column":72},"end":{"line":29,"column":null}},"line":16}},"branchMap":{"0":{"loc":{"start":{"line":20,"column":15},"end":{"line":20,"column":null}},"type":"binary-expr","locations":[{"start":{"line":20,"column":15},"end":{"line":20,"column":24}},{"start":{"line":20,"column":15},"end":{"line":20,"column":null}}],"line":20},"1":{"loc":{"start":{"line":21,"column":15},"end":{"line":22,"column":null}},"type":"binary-expr","locations":[{"start":{"line":21,"column":15},"end":{"line":21,"column":null}},{"start":{"line":21,"column":15},"end":{"line":22,"column":null}}],"line":21}},"s":{"0":2,"1":2,"2":0},"f":{"0":2,"1":0},"b":{"0":[0,0],"1":[0,0]},"meta":{"lastBranch":2,"lastFunction":2,"lastStatement":3,"seen":{"f:11:16:11:Infinity":0,"s:12:18:12:Infinity":0,"s:14:2:30:Infinity":1,"f:16:18:16:28":1,"s:17:8:18:27":2,"b:20:15:20:24:20:15:20:Infinity":0,"b:21:15:21:Infinity:21:15:22:Infinity":1}}}
,"/home/nichollasemanuel/desenvolvimento/desenvolvimento_pessoal/sites/justica-online-landing/src/components/ui/tooltip.tsx": {"path":"/home/nichollasemanuel/desenvolvimento/desenvolvimento_pessoal/sites/justica-online-landing/src/components/ui/tooltip.tsx","statementMap":{"0":{"start":{"line":6,"column":24},"end":{"line":6,"column":49}},"1":{"start":{"line":8,"column":16},"end":{"line":8,"column":37}},"2":{"start":{"line":10,"column":23},"end":{"line":10,"column":47}},"3":{"start":{"line":12,"column":23},"end":{"line":23,"column":null}},"4":{"start":{"line":15,"column":44},"end":{"line":23,"column":null}},"5":{"start":{"line":26,"column":0},"end":{"line":26,"column":null}}},"fnMap":{"0":{"name":"(anonymous_0)","decl":{"start":{"line":15,"column":2},"end":{"line":15,"column":3}},"loc":{"start":{"line":15,"column":44},"end":{"line":23,"column":null}},"line":15}},"branchMap":{"0":{"loc":{"start":{"line":15,"column":16},"end":{"line":15,"column":30}},"type":"default-arg","locations":[{"start":{"line":15,"column":29},"end":{"line":15,"column":30}}],"line":15}},"s":{"0":1,"1":1,"2":1,"3":1,"4":0,"5":1},"f":{"0":0},"b":{"0":[0]},"meta":{"lastBranch":1,"lastFunction":1,"lastStatement":6,"seen":{"s:6:24:6:49":0,"s:8:16:8:37":1,"s:10:23:10:47":2,"s:12:23:23:Infinity":3,"f:15:2:15:3":0,"s:15:44:23:Infinity":4,"b:15:29:15:30":0,"s:26:0:26:Infinity":5}}}
,"/home/nichollasemanuel/desenvolvimento/desenvolvimento_pessoal/sites/justica-online-landing/src/hooks/use-optimized-scroll.ts": {"path":"/home/nichollasemanuel/desenvolvimento/desenvolvimento_pessoal/sites/justica-online-landing/src/hooks/use-optimized-scroll.ts","statementMap":{"0":{"start":{"line":24,"column":4},"end":{"line":24,"column":null}},"1":{"start":{"line":26,"column":4},"end":{"line":29,"column":null}},"2":{"start":{"line":27,"column":6},"end":{"line":27,"column":null}},"3":{"start":{"line":28,"column":6},"end":{"line":28,"column":null}},"4":{"start":{"line":31,"column":4},"end":{"line":38,"column":null}},"5":{"start":{"line":32,"column":6},"end":{"line":32,"column":null}},"6":{"start":{"line":34,"column":6},"end":{"line":37,"column":null}},"7":{"start":{"line":35,"column":8},"end":{"line":35,"column":null}},"8":{"start":{"line":36,"column":8},"end":{"line":36,"column":null}},"9":{"start":{"line":42,"column":4},"end":{"line":42,"column":null}},"10":{"start":{"line":6,"column":2},"end":{"line":6,"column":null}},"11":{"start":{"line":7,"column":2},"end":{"line":7,"column":null}},"12":{"start":{"line":8,"column":2},"end":{"line":8,"column":null}},"13":{"start":{"line":9,"column":2},"end":{"line":9,"column":null}},"14":{"start":{"line":11,"column":2},"end":{"line":21,"column":null}},"15":{"start":{"line":12,"column":4},"end":{"line":12,"column":null}},"16":{"start":{"line":14,"column":4},"end":{"line":20,"column":null}},"17":{"start":{"line":15,"column":6},"end":{"line":18,"column":null}},"18":{"start":{"line":16,"column":8},"end":{"line":16,"column":null}},"19":{"start":{"line":16,"column":43},"end":{"line":16,"column":null}},"20":{"start":{"line":17,"column":8},"end":{"line":17,"column":null}},"21":{"start":{"line":19,"column":6},"end":{"line":19,"column":null}},"22":{"start":{"line":46,"column":22},"end":{"line":46,"column":null}},"23":{"start":{"line":48,"column":34},"end":{"line":56,"column":null}},"24":{"start":{"line":49,"column":8},"end":{"line":49,"column":null}},"25":{"start":{"line":50,"column":2},"end":{"line":50,"column":null}},"26":{"start":{"line":52,"column":2},"end":{"line":55,"column":null}},"27":{"start":{"line":53,"column":28},"end":{"line":53,"column":null}},"28":{"start":{"line":53,"column":34},"end":{"line":53,"column":null}},"29":{"start":{"line":54,"column":4},"end":{"line":54,"column":null}},"30":{"start":{"line":58,"column":33},"end":{"line":61,"column":null}},"31":{"start":{"line":59,"column":18},"end":{"line":59,"column":null}},"32":{"start":{"line":60,"column":2},"end":{"line":60,"column":null}}},"fnMap":{"0":{"name":"(anonymous_0)","decl":{"start":{"line":23,"column":2},"end":{"line":23,"column":12}},"loc":{"start":{"line":23,"column":38},"end":{"line":39,"column":null}},"line":23},"1":{"name":"(anonymous_1)","decl":{"start":{"line":31,"column":11},"end":{"line":31,"column":null}},"loc":{"start":{"line":31,"column":11},"end":{"line":38,"column":null}},"line":31},"2":{"name":"(anonymous_2)","decl":{"start":{"line":41,"column":2},"end":{"line":41,"column":15}},"loc":{"start":{"line":41,"column":15},"end":{"line":43,"column":null}},"line":41},"3":{"name":"(anonymous_3)","decl":{"start":{"line":11,"column":25},"end":{"line":11,"column":null}},"loc":{"start":{"line":11,"column":25},"end":{"line":21,"column":null}},"line":11},"4":{"name":"(anonymous_4)","decl":{"start":{"line":15,"column":28},"end":{"line":15,"column":null}},"loc":{"start":{"line":15,"column":28},"end":{"line":18,"column":null}},"line":15},"5":{"name":"(anonymous_5)","decl":{"start":{"line":16,"column":31},"end":{"line":16,"column":43}},"loc":{"start":{"line":16,"column":43},"end":{"line":16,"column":null}},"line":16},"6":{"name":"(anonymous_6)","decl":{"start":{"line":48,"column":34},"end":{"line":48,"column":35}},"loc":{"start":{"line":48,"column":35},"end":{"line":56,"column":null}},"line":48},"7":{"name":"(anonymous_7)","decl":{"start":{"line":52,"column":12},"end":{"line":52,"column":null}},"loc":{"start":{"line":52,"column":12},"end":{"line":55,"column":5}},"line":52},"8":{"name":"(anonymous_8)","decl":{"start":{"line":53,"column":28},"end":{"line":53,"column":34}},"loc":{"start":{"line":53,"column":34},"end":{"line":53,"column":null}},"line":53},"9":{"name":"(anonymous_9)","decl":{"start":{"line":58,"column":33},"end":{"line":58,"column":null}},"loc":{"start":{"line":58,"column":33},"end":{"line":61,"column":null}},"line":58}},"branchMap":{"0":{"loc":{"start":{"line":26,"column":4},"end":{"line":29,"column":null}},"type":"if","locations":[{"start":{"line":26,"column":4},"end":{"line":29,"column":null}},{"start":{},"end":{}}],"line":26},"1":{"loc":{"start":{"line":34,"column":6},"end":{"line":37,"column":null}},"type":"if","locations":[{"start":{"line":34,"column":6},"end":{"line":37,"column":null}},{"start":{},"end":{}}],"line":34},"2":{"loc":{"start":{"line":34,"column":10},"end":{"line":34,"column":56}},"type":"binary-expr","locations":[{"start":{"line":34,"column":10},"end":{"line":34,"column":39}},{"start":{"line":34,"column":39},"end":{"line":34,"column":56}}],"line":34},"3":{"loc":{"start":{"line":14,"column":4},"end":{"line":20,"column":null}},"type":"if","locations":[{"start":{"line":14,"column":4},"end":{"line":20,"column":null}},{"start":{},"end":{}}],"line":14}},"s":{"0":2,"1":2,"2":2,"3":2,"4":2,"5":2,"6":2,"7":2,"8":2,"9":0,"10":1,"11":1,"12":1,"13":1,"14":1,"15":0,"16":0,"17":0,"18":0,"19":0,"20":0,"21":0,"22":1,"23":1,"24":2,"25":2,"26":2,"27":2,"28":0,"29":2,"30":1,"31":0,"32":0},"f":{"0":2,"1":2,"2":0,"3":0,"4":0,"5":0,"6":2,"7":2,"8":0,"9":0},"b":{"0":[2,0],"1":[2,0],"2":[2,2],"3":[0,0]},"meta":{"lastBranch":4,"lastFunction":10,"lastStatement":33,"seen":{"f:23:2:23:12":0,"s:24:4:24:Infinity":0,"b:26:4:29:Infinity:undefined:undefined:undefined:undefined":0,"s:26:4:29:Infinity":1,"s:27:6:27:Infinity":2,"s:28:6:28:Infinity":3,"s:31:4:38:Infinity":4,"f:31:11:31:Infinity":1,"s:32:6:32:Infinity":5,"b:34:6:37:Infinity:undefined:undefined:undefined:undefined":1,"s:34:6:37:Infinity":6,"b:34:10:34:39:34:39:34:56":2,"s:35:8:35:Infinity":7,"s:36:8:36:Infinity":8,"f:41:2:41:15":2,"s:42:4:42:Infinity":9,"s:6:2:6:Infinity":10,"s:7:2:7:Infinity":11,"s:8:2:8:Infinity":12,"s:9:2:9:Infinity":13,"s:11:2:21:Infinity":14,"f:11:25:11:Infinity":3,"s:12:4:12:Infinity":15,"b:14:4:20:Infinity:undefined:undefined:undefined:undefined":3,"s:14:4:20:Infinity":16,"s:15:6:18:Infinity":17,"f:15:28:15:Infinity":4,"s:16:8:16:Infinity":18,"f:16:31:16:43":5,"s:16:43:16:Infinity":19,"s:17:8:17:Infinity":20,"s:19:6:19:Infinity":21,"s:46:22:46:Infinity":22,"s:48:34:56:Infinity":23,"f:48:34:48:35":6,"s:49:8:49:Infinity":24,"s:50:2:50:Infinity":25,"s:52:2:55:Infinity":26,"f:52:12:52:Infinity":7,"s:53:28:53:Infinity":27,"f:53:28:53:34":8,"s:53:34:53:Infinity":28,"s:54:4:54:Infinity":29,"s:58:33:61:Infinity":30,"f:58:33:58:Infinity":9,"s:59:18:59:Infinity":31,"s:60:2:60:Infinity":32}}}
,"/home/nichollasemanuel/desenvolvimento/desenvolvimento_pessoal/sites/justica-online-landing/src/hooks/use-toast.ts": {"path":"/home/nichollasemanuel/desenvolvimento/desenvolvimento_pessoal/sites/justica-online-landing/src/hooks/use-toast.ts","statementMap":{"0":{"start":{"line":8,"column":20},"end":{"line":8,"column":null}},"1":{"start":{"line":9,"column":27},"end":{"line":9,"column":null}},"2":{"start":{"line":18,"column":20},"end":{"line":23,"column":null}},"3":{"start":{"line":25,"column":12},"end":{"line":25,"column":null}},"4":{"start":{"line":28,"column":2},"end":{"line":28,"column":null}},"5":{"start":{"line":29,"column":2},"end":{"line":29,"column":null}},"6":{"start":{"line":56,"column":22},"end":{"line":56,"column":null}},"7":{"start":{"line":58,"column":25},"end":{"line":72,"column":null}},"8":{"start":{"line":59,"column":2},"end":{"line":61,"column":null}},"9":{"start":{"line":60,"column":4},"end":{"line":60,"column":null}},"10":{"start":{"line":63,"column":18},"end":{"line":69,"column":null}},"11":{"start":{"line":64,"column":4},"end":{"line":64,"column":null}},"12":{"start":{"line":65,"column":4},"end":{"line":68,"column":null}},"13":{"start":{"line":71,"column":2},"end":{"line":71,"column":null}},"14":{"start":{"line":74,"column":23},"end":{"line":127,"column":null}},"15":{"start":{"line":75,"column":2},"end":{"line":126,"column":null}},"16":{"start":{"line":77,"column":6},"end":{"line":80,"column":null}},"17":{"start":{"line":83,"column":6},"end":{"line":88,"column":null}},"18":{"start":{"line":86,"column":10},"end":{"line":86,"column":null}},"19":{"start":{"line":91,"column":26},"end":{"line":91,"column":null}},"20":{"start":{"line":95,"column":6},"end":{"line":101,"column":null}},"21":{"start":{"line":96,"column":8},"end":{"line":96,"column":null}},"22":{"start":{"line":98,"column":8},"end":{"line":100,"column":null}},"23":{"start":{"line":99,"column":10},"end":{"line":99,"column":null}},"24":{"start":{"line":103,"column":6},"end":{"line":113,"column":null}},"25":{"start":{"line":106,"column":10},"end":{"line":111,"column":null}},"26":{"start":{"line":116,"column":6},"end":{"line":121,"column":null}},"27":{"start":{"line":117,"column":8},"end":{"line":120,"column":null}},"28":{"start":{"line":122,"column":6},"end":{"line":125,"column":null}},"29":{"start":{"line":124,"column":43},"end":{"line":124,"column":66}},"30":{"start":{"line":129,"column":49},"end":{"line":129,"column":51}},"31":{"start":{"line":131,"column":25},"end":{"line":131,"column":null}},"32":{"start":{"line":134,"column":2},"end":{"line":134,"column":null}},"33":{"start":{"line":135,"column":2},"end":{"line":137,"column":null}},"34":{"start":{"line":136,"column":4},"end":{"line":136,"column":null}},"35":{"start":{"line":143,"column":13},"end":{"line":143,"column":null}},"36":{"start":{"line":145,"column":17},"end":{"line":149,"column":null}},"37":{"start":{"line":146,"column":4},"end":{"line":149,"column":null}},"38":{"start":{"line":150,"column":18},"end":{"line":150,"column":null}},"39":{"start":{"line":150,"column":24},"end":{"line":150,"column":null}},"40":{"start":{"line":152,"column":2},"end":{"line":162,"column":null}},"41":{"start":{"line":159,"column":8},"end":{"line":159,"column":null}},"42":{"start":{"line":159,"column":19},"end":{"line":159,"column":null}},"43":{"start":{"line":164,"column":2},"end":{"line":168,"column":null}},"44":{"start":{"line":172,"column":28},"end":{"line":172,"column":null}},"45":{"start":{"line":174,"column":2},"end":{"line":182,"column":null}},"46":{"start":{"line":175,"column":4},"end":{"line":175,"column":null}},"47":{"start":{"line":176,"column":4},"end":{"line":181,"column":null}},"48":{"start":{"line":177,"column":20},"end":{"line":177,"column":null}},"49":{"start":{"line":178,"column":6},"end":{"line":180,"column":null}},"50":{"start":{"line":179,"column":8},"end":{"line":179,"column":null}},"51":{"start":{"line":184,"column":2},"end":{"line":188,"column":null}},"52":{"start":{"line":187,"column":35},"end":{"line":187,"column":null}}},"fnMap":{"0":{"name":"genId","decl":{"start":{"line":27,"column":9},"end":{"line":27,"column":null}},"loc":{"start":{"line":27,"column":9},"end":{"line":30,"column":null}},"line":27},"1":{"name":"(anonymous_1)","decl":{"start":{"line":58,"column":25},"end":{"line":58,"column":26}},"loc":{"start":{"line":58,"column":26},"end":{"line":72,"column":null}},"line":58},"2":{"name":"(anonymous_2)","decl":{"start":{"line":63,"column":29},"end":{"line":63,"column":null}},"loc":{"start":{"line":63,"column":29},"end":{"line":69,"column":5}},"line":63},"3":{"name":"(anonymous_3)","decl":{"start":{"line":74,"column":23},"end":{"line":74,"column":24}},"loc":{"start":{"line":74,"column":38},"end":{"line":127,"column":null}},"line":74},"4":{"name":"(anonymous_4)","decl":{"start":{"line":85,"column":33},"end":{"line":85,"column":34}},"loc":{"start":{"line":86,"column":10},"end":{"line":86,"column":null}},"line":86},"5":{"name":"(anonymous_5)","decl":{"start":{"line":98,"column":29},"end":{"line":98,"column":30}},"loc":{"start":{"line":98,"column":30},"end":{"line":100,"column":null}},"line":98},"6":{"name":"(anonymous_6)","decl":{"start":{"line":105,"column":33},"end":{"line":105,"column":34}},"loc":{"start":{"line":106,"column":10},"end":{"line":111,"column":null}},"line":106},"7":{"name":"(anonymous_7)","decl":{"start":{"line":124,"column":36},"end":{"line":124,"column":37}},"loc":{"start":{"line":124,"column":43},"end":{"line":124,"column":66}},"line":124},"8":{"name":"dispatch","decl":{"start":{"line":133,"column":9},"end":{"line":133,"column":18}},"loc":{"start":{"line":133,"column":32},"end":{"line":138,"column":null}},"line":133},"9":{"name":"(anonymous_9)","decl":{"start":{"line":135,"column":20},"end":{"line":135,"column":21}},"loc":{"start":{"line":135,"column":21},"end":{"line":137,"column":null}},"line":135},"10":{"name":"toast","decl":{"start":{"line":142,"column":9},"end":{"line":142,"column":15}},"loc":{"start":{"line":142,"column":34},"end":{"line":169,"column":null}},"line":142},"11":{"name":"(anonymous_11)","decl":{"start":{"line":145,"column":17},"end":{"line":145,"column":18}},"loc":{"start":{"line":146,"column":4},"end":{"line":149,"column":null}},"line":146},"12":{"name":"(anonymous_12)","decl":{"start":{"line":150,"column":18},"end":{"line":150,"column":24}},"loc":{"start":{"line":150,"column":24},"end":{"line":150,"column":null}},"line":150},"13":{"name":"(anonymous_13)","decl":{"start":{"line":158,"column":20},"end":{"line":158,"column":21}},"loc":{"start":{"line":158,"column":21},"end":{"line":160,"column":null}},"line":158},"14":{"name":"useToast","decl":{"start":{"line":171,"column":9},"end":{"line":171,"column":null}},"loc":{"start":{"line":171,"column":9},"end":{"line":189,"column":null}},"line":171},"15":{"name":"(anonymous_15)","decl":{"start":{"line":174,"column":18},"end":{"line":174,"column":null}},"loc":{"start":{"line":174,"column":18},"end":{"line":182,"column":5}},"line":174},"16":{"name":"(anonymous_16)","decl":{"start":{"line":176,"column":11},"end":{"line":176,"column":null}},"loc":{"start":{"line":176,"column":11},"end":{"line":181,"column":null}},"line":176},"17":{"name":"(anonymous_17)","decl":{"start":{"line":187,"column":13},"end":{"line":187,"column":14}},"loc":{"start":{"line":187,"column":35},"end":{"line":187,"column":null}},"line":187}},"branchMap":{"0":{"loc":{"start":{"line":59,"column":2},"end":{"line":61,"column":null}},"type":"if","locations":[{"start":{"line":59,"column":2},"end":{"line":61,"column":null}},{"start":{},"end":{}}],"line":59},"1":{"loc":{"start":{"line":75,"column":2},"end":{"line":126,"column":null}},"type":"switch","locations":[{"start":{"line":76,"column":4},"end":{"line":80,"column":null}},{"start":{"line":82,"column":4},"end":{"line":88,"column":null}},{"start":{"line":90,"column":4},"end":{"line":114,"column":null}},{"start":{"line":115,"column":4},"end":{"line":125,"column":null}}],"line":75},"2":{"loc":{"start":{"line":86,"column":10},"end":{"line":86,"column":null}},"type":"cond-expr","locations":[{"start":{"line":86,"column":37},"end":{"line":86,"column":65}},{"start":{"line":86,"column":65},"end":{"line":86,"column":null}}],"line":86},"3":{"loc":{"start":{"line":95,"column":6},"end":{"line":101,"column":null}},"type":"if","locations":[{"start":{"line":95,"column":6},"end":{"line":101,"column":null}},{"start":{"line":97,"column":13},"end":{"line":101,"column":null}}],"line":95},"4":{"loc":{"start":{"line":106,"column":10},"end":{"line":111,"column":null}},"type":"cond-expr","locations":[{"start":{"line":107,"column":14},"end":{"line":110,"column":null}},{"start":{"line":111,"column":14},"end":{"line":111,"column":null}}],"line":106},"5":{"loc":{"start":{"line":106,"column":10},"end":{"line":106,"column":null}},"type":"binary-expr","locations":[{"start":{"line":106,"column":10},"end":{"line":106,"column":30}},{"start":{"line":106,"column":30},"end":{"line":106,"column":null}}],"line":106},"6":{"loc":{"start":{"line":116,"column":6},"end":{"line":121,"column":null}},"type":"if","locations":[{"start":{"line":116,"column":6},"end":{"line":121,"column":null}},{"start":{},"end":{}}],"line":116},"7":{"loc":{"start":{"line":159,"column":8},"end":{"line":159,"column":null}},"type":"if","locations":[{"start":{"line":159,"column":8},"end":{"line":159,"column":null}},{"start":{},"end":{}}],"line":159},"8":{"loc":{"start":{"line":178,"column":6},"end":{"line":180,"column":null}},"type":"if","locations":[{"start":{"line":178,"column":6},"end":{"line":180,"column":null}},{"start":{},"end":{}}],"line":178}},"s":{"0":1,"1":1,"2":1,"3":1,"4":0,"5":0,"6":1,"7":1,"8":0,"9":0,"10":0,"11":0,"12":0,"13":0,"14":1,"15":0,"16":0,"17":0,"18":0,"19":0,"20":0,"21":0,"22":0,"23":0,"24":0,"25":0,"26":0,"27":0,"28":0,"29":0,"30":1,"31":1,"32":0,"33":0,"34":0,"35":0,"36":0,"37":0,"38":0,"39":0,"40":0,"41":0,"42":0,"43":0,"44":6,"45":6,"46":6,"47":6,"48":6,"49":6,"50":6,"51":6,"52":0},"f":{"0":0,"1":0,"2":0,"3":0,"4":0,"5":0,"6":0,"7":0,"8":0,"9":0,"10":0,"11":0,"12":0,"13":0,"14":6,"15":6,"16":6,"17":0},"b":{"0":[0,0],"1":[0,0,0,0],"2":[0,0],"3":[0,0],"4":[0,0],"5":[0,0],"6":[0,0],"7":[0,0],"8":[6,0]},"meta":{"lastBranch":9,"lastFunction":18,"lastStatement":53,"seen":{"s:8:20:8:Infinity":0,"s:9:27:9:Infinity":1,"s:18:20:23:Infinity":2,"s:25:12:25:Infinity":3,"f:27:9:27:Infinity":0,"s:28:2:28:Infinity":4,"s:29:2:29:Infinity":5,"s:56:22:56:Infinity":6,"s:58:25:72:Infinity":7,"f:58:25:58:26":1,"b:59:2:61:Infinity:undefined:undefined:undefined:undefined":0,"s:59:2:61:Infinity":8,"s:60:4:60:Infinity":9,"s:63:18:69:Infinity":10,"f:63:29:63:Infinity":2,"s:64:4:64:Infinity":11,"s:65:4:68:Infinity":12,"s:71:2:71:Infinity":13,"s:74:23:127:Infinity":14,"f:74:23:74:24":3,"b:76:4:80:Infinity:82:4:88:Infinity:90:4:114:Infinity:115:4:125:Infinity":1,"s:75:2:126:Infinity":15,"s:77:6:80:Infinity":16,"s:83:6:88:Infinity":17,"f:85:33:85:34":4,"s:86:10:86:Infinity":18,"b:86:37:86:65:86:65:86:Infinity":2,"s:91:26:91:Infinity":19,"b:95:6:101:Infinity:97:13:101:Infinity":3,"s:95:6:101:Infinity":20,"s:96:8:96:Infinity":21,"s:98:8:100:Infinity":22,"f:98:29:98:30":5,"s:99:10:99:Infinity":23,"s:103:6:113:Infinity":24,"f:105:33:105:34":6,"s:106:10:111:Infinity":25,"b:107:14:110:Infinity:111:14:111:Infinity":4,"b:106:10:106:30:106:30:106:Infinity":5,"b:116:6:121:Infinity:undefined:undefined:undefined:undefined":6,"s:116:6:121:Infinity":26,"s:117:8:120:Infinity":27,"s:122:6:125:Infinity":28,"f:124:36:124:37":7,"s:124:43:124:66":29,"s:129:49:129:51":30,"s:131:25:131:Infinity":31,"f:133:9:133:18":8,"s:134:2:134:Infinity":32,"s:135:2:137:Infinity":33,"f:135:20:135:21":9,"s:136:4:136:Infinity":34,"f:142:9:142:15":10,"s:143:13:143:Infinity":35,"s:145:17:149:Infinity":36,"f:145:17:145:18":11,"s:146:4:149:Infinity":37,"s:150:18:150:Infinity":38,"f:150:18:150:24":12,"s:150:24:150:Infinity":39,"s:152:2:162:Infinity":40,"f:158:20:158:21":13,"b:159:8:159:Infinity:undefined:undefined:undefined:undefined":7,"s:159:8:159:Infinity":41,"s:159:19:159:Infinity":42,"s:164:2:168:Infinity":43,"f:171:9:171:Infinity":14,"s:172:28:172:Infinity":44,"s:174:2:182:Infinity":45,"f:174:18:174:Infinity":15,"s:175:4:175:Infinity":46,"s:176:4:181:Infinity":47,"f:176:11:176:Infinity":16,"s:177:20:177:Infinity":48,"b:178:6:180:Infinity:undefined:undefined:undefined:undefined":8,"s:178:6:180:Infinity":49,"s:179:8:179:Infinity":50,"s:184:2:188:Infinity":51,"f:187:13:187:14":17,"s:187:35:187:Infinity":52}}}
,"/home/nichollasemanuel/desenvolvimento/desenvolvimento_pessoal/sites/justica-online-landing/src/lib/utils.ts": {"path":"/home/nichollasemanuel/desenvolvimento/desenvolvimento_pessoal/sites/justica-online-landing/src/lib/utils.ts","statementMap":{"0":{"start":{"line":5,"column":2},"end":{"line":5,"column":null}}},"fnMap":{"0":{"name":"cn","decl":{"start":{"line":4,"column":16},"end":{"line":4,"column":19}},"loc":{"start":{"line":4,"column":42},"end":{"line":6,"column":null}},"line":4}},"branchMap":{},"s":{"0":194},"f":{"0":194},"b":{},"meta":{"lastBranch":0,"lastFunction":1,"lastStatement":1,"seen":{"f:4:16:4:19":0,"s:5:2:5:Infinity":0}}}
,"/home/nichollasemanuel/desenvolvimento/desenvolvimento_pessoal/sites/justica-online-landing/src/pages/Index.tsx": {"path":"/home/nichollasemanuel/desenvolvimento/desenvolvimento_pessoal/sites/justica-online-landing/src/pages/Index.tsx","statementMap":{"0":{"start":{"line":15,"column":14},"end":{"line":50,"column":null}},"1":{"start":{"line":16,"column":41},"end":{"line":16,"column":null}},"2":{"start":{"line":17,"column":17},"end":{"line":17,"column":null}},"3":{"start":{"line":19,"column":2},"end":{"line":26,"column":null}},"4":{"start":{"line":20,"column":25},"end":{"line":22,"column":null}},"5":{"start":{"line":21,"column":6},"end":{"line":21,"column":null}},"6":{"start":{"line":24,"column":4},"end":{"line":24,"column":null}},"7":{"start":{"line":25,"column":4},"end":{"line":25,"column":null}},"8":{"start":{"line":25,"column":17},"end":{"line":25,"column":null}},"9":{"start":{"line":28,"column":22},"end":{"line":30,"column":null}},"10":{"start":{"line":29,"column":4},"end":{"line":29,"column":null}},"11":{"start":{"line":32,"column":2},"end":{"line":47,"column":null}}},"fnMap":{"0":{"name":"(anonymous_0)","decl":{"start":{"line":15,"column":14},"end":{"line":15,"column":null}},"loc":{"start":{"line":15,"column":14},"end":{"line":50,"column":null}},"line":15},"1":{"name":"(anonymous_1)","decl":{"start":{"line":19,"column":12},"end":{"line":19,"column":null}},"loc":{"start":{"line":19,"column":12},"end":{"line":26,"column":5}},"line":19},"2":{"name":"(anonymous_2)","decl":{"start":{"line":20,"column":25},"end":{"line":20,"column":null}},"loc":{"start":{"line":20,"column":25},"end":{"line":22,"column":null}},"line":20},"3":{"name":"(anonymous_3)","decl":{"start":{"line":25,"column":11},"end":{"line":25,"column":17}},"loc":{"start":{"line":25,"column":17},"end":{"line":25,"column":null}},"line":25},"4":{"name":"(anonymous_4)","decl":{"start":{"line":28,"column":22},"end":{"line":28,"column":null}},"loc":{"start":{"line":28,"column":22},"end":{"line":30,"column":null}},"line":28}},"branchMap":{"0":{"loc":{"start":{"line":47,"column":7},"end":{"line":47,"column":null}},"type":"binary-expr","locations":[{"start":{"line":47,"column":7},"end":{"line":47,"column":24}},{"start":{"line":47,"column":7},"end":{"line":47,"column":null}}],"line":47}},"s":{"0":1,"1":2,"2":2,"3":2,"4":2,"5":0,"6":2,"7":2,"8":2,"9":2,"10":0,"11":2},"f":{"0":2,"1":2,"2":0,"3":2,"4":0},"b":{"0":[2,0]},"meta":{"lastBranch":1,"lastFunction":5,"lastStatement":12,"seen":{"s:15:14:50:Infinity":0,"f:15:14:15:Infinity":0,"s:16:41:16:Infinity":1,"s:17:17:17:Infinity":2,"s:19:2:26:Infinity":3,"f:19:12:19:Infinity":1,"s:20:25:22:Infinity":4,"f:20:25:20:Infinity":2,"s:21:6:21:Infinity":5,"s:24:4:24:Infinity":6,"s:25:4:25:Infinity":7,"f:25:11:25:17":3,"s:25:17:25:Infinity":8,"s:28:22:30:Infinity":9,"f:28:22:28:Infinity":4,"s:29:4:29:Infinity":10,"s:32:2:47:Infinity":11,"b:47:7:47:24:47:7:47:Infinity":0}}}
,"/home/nichollasemanuel/desenvolvimento/desenvolvimento_pessoal/sites/justica-online-landing/src/pages/NotFound.tsx": {"path":"/home/nichollasemanuel/desenvolvimento/desenvolvimento_pessoal/sites/justica-online-landing/src/pages/NotFound.tsx","statementMap":{"0":{"start":{"line":4,"column":17},"end":{"line":25,"column":null}},"1":{"start":{"line":5,"column":8},"end":{"line":5,"column":null}},"2":{"start":{"line":7,"column":2},"end":{"line":12,"column":null}},"3":{"start":{"line":8,"column":4},"end":{"line":10,"column":null}},"4":{"start":{"line":14,"column":2},"end":{"line":19,"column":null}}},"fnMap":{"0":{"name":"(anonymous_0)","decl":{"start":{"line":4,"column":17},"end":{"line":4,"column":null}},"loc":{"start":{"line":4,"column":17},"end":{"line":25,"column":null}},"line":4},"1":{"name":"(anonymous_1)","decl":{"start":{"line":7,"column":12},"end":{"line":7,"column":null}},"loc":{"start":{"line":7,"column":12},"end":{"line":12,"column":5}},"line":7}},"branchMap":{},"s":{"0":1,"1":0,"2":0,"3":0,"4":0},"f":{"0":0,"1":0},"b":{},"meta":{"lastBranch":0,"lastFunction":2,"lastStatement":5,"seen":{"s:4:17:25:Infinity":0,"f:4:17:4:Infinity":0,"s:5:8:5:Infinity":1,"s:7:2:12:Infinity":2,"f:7:12:7:Infinity":1,"s:8:4:10:Infinity":3,"s:14:2:19:Infinity":4}}}
}
